<?xml version="1.0" encoding="UTF-8"?>
<!-- Generated by org.testng.reporters.JUnitReportReporter -->
<testsuite hostname="VAZSS2234" failures="0" tests="17" name="com.script.measurementtool.MeasurementToolRunner" time="387.910" errors="0" timestamp="2024-07-23T14:08:43 GMT+05:30" skipped="0">
  <testcase classname="com.script.measurementtool.MeasurementToolRunner" name="runScenario" time="25.056"/>
  <system-out/>
  <testcase classname="com.script.measurementtool.MeasurementToolRunner" name="runScenario" time="19.569"/>
  <system-out/>
  <testcase classname="com.script.measurementtool.MeasurementToolRunner" name="runScenario" time="22.073"/>
  <system-out/>
  <testcase classname="com.script.measurementtool.MeasurementToolRunner" name="runScenario" time="23.042"/>
  <system-out/>
  <testcase classname="com.script.measurementtool.MeasurementToolRunner" name="runScenario" time="20.862"/>
  <system-out/>
  <testcase classname="com.script.measurementtool.MeasurementToolRunner" name="runScenario" time="23.541"/>
  <system-out/>
  <testcase classname="com.script.measurementtool.MeasurementToolRunner" name="runScenario" time="19.383"/>
  <system-out/>
  <testcase classname="com.script.measurementtool.MeasurementToolRunner" name="runScenario" time="24.447"/>
  <system-out/>
  <testcase classname="com.script.measurementtool.MeasurementToolRunner" name="runScenario" time="23.221"/>
  <system-out/>
  <testcase classname="com.script.measurementtool.MeasurementToolRunner" name="runScenario" time="18.274"/>
  <system-out/>
  <testcase classname="com.script.measurementtool.MeasurementToolRunner" name="runScenario" time="25.101"/>
  <system-out/>
  <testcase classname="com.script.measurementtool.MeasurementToolRunner" name="runScenario" time="24.797"/>
  <system-out/>
  <testcase classname="com.script.measurementtool.MeasurementToolRunner" name="runScenario" time="23.528"/>
  <system-out/>
  <testcase classname="com.script.measurementtool.MeasurementToolRunner" name="runScenario" time="24.149"/>
  <system-out/>
  <testcase classname="com.script.measurementtool.MeasurementToolRunner" name="runScenario" time="19.172"/>
  <system-out/>
  <testcase classname="com.script.measurementtool.MeasurementToolRunner" name="runScenario" time="22.071"/>
  <system-out/>
  <testcase classname="com.script.measurementtool.MeasurementToolRunner" name="runScenario" time="29.624"/>
  <system-out/>
</testsuite> <!-- com.script.measurementtool.MeasurementToolRunner -->
