<?xml version="1.0" encoding="UTF-8"?>
<!-- Generated by org.testng.reporters.JUnitReportReporter -->
<testsuite hostname="VAZSS2234" failures="0" tests="7" name="com.script.runner.LocatorToolRunner" time="268.633" errors="0" timestamp="2024-10-10T16:11:43 GMT+05:30" skipped="0">
  <testcase classname="com.script.runner.LocatorToolRunner" name="runScenario" time="41.431"/>
  <system-out/>
  <testcase classname="com.script.runner.LocatorToolRunner" name="runScenario" time="37.414"/>
  <system-out/>
  <testcase classname="com.script.runner.LocatorToolRunner" name="runScenario" time="42.837"/>
  <system-out/>
  <testcase classname="com.script.runner.LocatorToolRunner" name="runScenario" time="36.978"/>
  <system-out/>
  <testcase classname="com.script.runner.LocatorToolRunner" name="runScenario" time="37.347"/>
  <system-out/>
  <testcase classname="com.script.runner.LocatorToolRunner" name="runScenario" time="45.150"/>
  <system-out/>
  <testcase classname="com.script.runner.LocatorToolRunner" name="runScenario" time="27.476"/>
  <system-out/>
</testsuite> <!-- com.script.runner.LocatorToolRunner -->
