<?xml version="1.0" encoding="UTF-8"?>
<!-- Generated by org.testng.reporters.JUnitReportReporter -->
<testsuite hostname="VAZSS2234" failures="1" tests="2" name="com.script.appdatatool.AppdataToolRunner" time="46.746" errors="0" timestamp="2024-07-23T14:08:43 GMT+05:30" skipped="0">
  <testcase classname="com.script.appdatatool.AppdataToolRunner" name="runScenario" time="23.522"/>
  <system-out/>
  <testcase classname="com.script.appdatatool.AppdataToolRunner" name="runScenario" time="23.224">
    <failure message="null" type="java.lang.AssertionError">
      <![CDATA[java.lang.AssertionError: null
at org.testng.Assert.fail(Assert.java:99)
at org.testng.Assert.fail(Assert.java:106)
at com.test.validation.TestValidations.AddDataValidation(TestValidations.java:161)
at com.applicationfunction.ToolAppdataPage.ClickURLSection(ToolAppdataPage.java:61)
at com.script.appdatatool.AppdataToolStepDefinition.AddDataFromWebURL(AppdataToolStepDefinition.java:42)
at âœ½.User should be able to add data from a web URL in Appdata tool SheetName "AppdataTool" and rownumber 0(file:///C:/Users/kulkars2/Documents/Java/JavaWorkSpace/EMAP_UI_Automation-GTM/Features/Appdata.feature:8)
]]>
    </failure>
  </testcase> <!-- runScenario -->
  <system-out/>
</testsuite> <!-- com.script.appdatatool.AppdataToolRunner -->
