<?xml version="1.0" encoding="UTF-8"?>
<!-- Generated by org.testng.reporters.JUnitReportReporter -->
<testsuite hostname="VAZSS2234" failures="0" tests="7" name="com.script.elevationprofile.ElevationProfileToolRunner" time="460.567" errors="0" timestamp="2024-07-23T14:08:43 GMT+05:30" skipped="0">
  <testcase classname="com.script.elevationprofile.ElevationProfileToolRunner" name="runScenario" time="64.156"/>
  <system-out/>
  <testcase classname="com.script.elevationprofile.ElevationProfileToolRunner" name="runScenario" time="66.937"/>
  <system-out/>
  <testcase classname="com.script.elevationprofile.ElevationProfileToolRunner" name="runScenario" time="53.277"/>
  <system-out/>
  <testcase classname="com.script.elevationprofile.ElevationProfileToolRunner" name="runScenario" time="76.843"/>
  <system-out/>
  <testcase classname="com.script.elevationprofile.ElevationProfileToolRunner" name="runScenario" time="65.541"/>
  <system-out/>
  <testcase classname="com.script.elevationprofile.ElevationProfileToolRunner" name="runScenario" time="85.116"/>
  <system-out/>
  <testcase classname="com.script.elevationprofile.ElevationProfileToolRunner" name="runScenario" time="48.697"/>
  <system-out/>
</testsuite> <!-- com.script.elevationprofile.ElevationProfileToolRunner -->
