<?xml version="1.0" encoding="UTF-8"?>
<!-- Generated by org.testng.reporters.JUnitReportReporter -->
<testsuite hostname="VAZSS2234" failures="2" tests="2" name="com.script.runner.FailedScenariosRerunRunner" time="76.199" errors="0" timestamp="2024-08-06T15:52:52 GMT+05:30" skipped="0">
  <testcase classname="com.script.runner.FailedScenariosRerunRunner" name="runScenario" time="38.158">
    <failure message="null" type="java.lang.AssertionError">
      <![CDATA[java.lang.AssertionError: null
at org.testng.Assert.fail(Assert.java:99)
at org.testng.Assert.fail(Assert.java:106)
at com.utilities.StepExecutor.SetText(StepExecutor.java:77)
at com.applicationfunction.ToolBookmarkPage.AddBookmark(ToolBookmarkPage.java:58)
at com.script.stepdefination.BookmarkToolStepDefinition.AddBookmark(BookmarkToolStepDefinition.java:48)
at ✽.User is able to add the bookmark(file:///C:/Users/kulkars2/Documents/Java/JavaWorkSpace/EMAP_UI_Automation-GTM/Features/BookmarkTool.feature:8)
]]>
    </failure>
  </testcase> <!-- runScenario -->
  <system-out/>
  <testcase classname="com.script.runner.FailedScenariosRerunRunner" name="runScenario" time="38.041">
    <failure message="null" type="java.lang.AssertionError">
      <![CDATA[java.lang.AssertionError: null
at org.testng.Assert.fail(Assert.java:99)
at org.testng.Assert.fail(Assert.java:106)
at com.utilities.StepExecutor.ElementClick(StepExecutor.java:55)
at com.applicationfunction.ToolLayerListPage.CheckLayerVisibility(ToolLayerListPage.java:61)
at com.script.stepdefination.LayerListToolStepDefinition.SelectDeselectLayer(LayerListToolStepDefinition.java:43)
at ✽.User should be able to select and deselect the layer from layerlist tool and as per the selection and deselction visibility of the layer become ON and OFF on map(file:///C:/Users/kulkars2/Documents/Java/JavaWorkSpace/EMAP_UI_Automation-GTM/Features/LayerListTool.feature:8)
]]>
    </failure>
  </testcase> <!-- runScenario -->
  <system-out/>
</testsuite> <!-- com.script.runner.FailedScenariosRerunRunner -->
