<?xml version="1.0" encoding="UTF-8"?>
<!-- Generated by org.testng.reporters.JUnitReportReporter -->
<testsuite hostname="VAZSS2234" failures="0" tests="3" name="com.script.layerlisttool.LayerListToolRunner" time="132.579" errors="0" timestamp="2024-05-27T13:04:08 GMT+05:30" skipped="0">
  <testcase classname="com.script.layerlisttool.LayerListToolRunner" name="runScenario" time="60.247"/>
  <system-out/>
  <testcase classname="com.script.layerlisttool.LayerListToolRunner" name="runScenario" time="28.708"/>
  <system-out/>
  <testcase classname="com.script.layerlisttool.LayerListToolRunner" name="runScenario" time="43.624"/>
  <system-out/>
</testsuite> <!-- com.script.layerlisttool.LayerListToolRunner -->
