<?xml version="1.0" encoding="UTF-8"?>
<!-- Generated by org.testng.reporters.JUnitReportReporter -->
<testsuite hostname="VAZSS2234" failures="0" tests="3" name="com.script.directionstool.DirectionsToolRunner" time="114.723" errors="0" timestamp="2024-07-23T14:08:43 GMT+05:30" skipped="0">
  <testcase classname="com.script.directionstool.DirectionsToolRunner" name="runScenario" time="36.953"/>
  <system-out/>
  <testcase classname="com.script.directionstool.DirectionsToolRunner" name="runScenario" time="38.376"/>
  <system-out/>
  <testcase classname="com.script.directionstool.DirectionsToolRunner" name="runScenario" time="39.394"/>
  <system-out/>
</testsuite> <!-- com.script.directionstool.DirectionsToolRunner -->
