<?xml version="1.0" encoding="UTF-8"?>
<!-- Generated by org.testng.reporters.JUnitReportReporter -->
<testsuite hostname="VAZSS2234" failures="0" tests="11" name="com.script.enhanceddrawtool.EnhancedDrawToolRunner" time="444.020" errors="0" timestamp="2024-07-23T14:08:43 GMT+05:30" skipped="0">
  <testcase classname="com.script.enhanceddrawtool.EnhancedDrawToolRunner" name="runScenario" time="38.238"/>
  <system-out/>
  <testcase classname="com.script.enhanceddrawtool.EnhancedDrawToolRunner" name="runScenario" time="39.546"/>
  <system-out/>
  <testcase classname="com.script.enhanceddrawtool.EnhancedDrawToolRunner" name="runScenario" time="36.294"/>
  <system-out/>
  <testcase classname="com.script.enhanceddrawtool.EnhancedDrawToolRunner" name="runScenario" time="38.747"/>
  <system-out/>
  <testcase classname="com.script.enhanceddrawtool.EnhancedDrawToolRunner" name="runScenario" time="40.577"/>
  <system-out/>
  <testcase classname="com.script.enhanceddrawtool.EnhancedDrawToolRunner" name="runScenario" time="44.036"/>
  <system-out/>
  <testcase classname="com.script.enhanceddrawtool.EnhancedDrawToolRunner" name="runScenario" time="39.740"/>
  <system-out/>
  <testcase classname="com.script.enhanceddrawtool.EnhancedDrawToolRunner" name="runScenario" time="44.106"/>
  <system-out/>
  <testcase classname="com.script.enhanceddrawtool.EnhancedDrawToolRunner" name="runScenario" time="39.478"/>
  <system-out/>
  <testcase classname="com.script.enhanceddrawtool.EnhancedDrawToolRunner" name="runScenario" time="44.464"/>
  <system-out/>
  <testcase classname="com.script.enhanceddrawtool.EnhancedDrawToolRunner" name="runScenario" time="38.794"/>
  <system-out/>
</testsuite> <!-- com.script.enhanceddrawtool.EnhancedDrawToolRunner -->
