<?xml version="1.0" encoding="UTF-8"?>
<!-- Generated by org.testng.reporters.JUnitReportReporter -->
<testsuite hostname="VAZSS2234" failures="0" tests="1" name="com.script.showstationtool.ShowStationToolRunner" time="41.531" errors="0" timestamp="2024-07-23T14:08:43 GMT+05:30" skipped="0">
  <testcase classname="com.script.showstationtool.ShowStationToolRunner" name="runScenario" time="41.531"/>
  <system-out/>
</testsuite> <!-- com.script.showstationtool.ShowStationToolRunner -->
