<?xml version="1.0" encoding="UTF-8"?>
<!-- Generated by org.testng.reporters.JUnitReportReporter -->
<testsuite hostname="VAZSS2234" failures="0" tests="12" name="com.script.selecttool.SelectToolRunner" time="362.746" errors="0" timestamp="2024-07-23T14:08:43 GMT+05:30" skipped="0">
  <testcase classname="com.script.selecttool.SelectToolRunner" name="runScenario" time="26.315"/>
  <system-out/>
  <testcase classname="com.script.selecttool.SelectToolRunner" name="runScenario" time="28.878"/>
  <system-out/>
  <testcase classname="com.script.selecttool.SelectToolRunner" name="runScenario" time="23.987"/>
  <system-out/>
  <testcase classname="com.script.selecttool.SelectToolRunner" name="runScenario" time="26.892"/>
  <system-out/>
  <testcase classname="com.script.selecttool.SelectToolRunner" name="runScenario" time="24.186"/>
  <system-out/>
  <testcase classname="com.script.selecttool.SelectToolRunner" name="runScenario" time="45.661"/>
  <system-out/>
  <testcase classname="com.script.selecttool.SelectToolRunner" name="runScenario" time="36.385"/>
  <system-out/>
  <testcase classname="com.script.selecttool.SelectToolRunner" name="runScenario" time="25.695"/>
  <system-out/>
  <testcase classname="com.script.selecttool.SelectToolRunner" name="runScenario" time="44.951"/>
  <system-out/>
  <testcase classname="com.script.selecttool.SelectToolRunner" name="runScenario" time="23.627"/>
  <system-out/>
  <testcase classname="com.script.selecttool.SelectToolRunner" name="runScenario" time="27.285"/>
  <system-out/>
  <testcase classname="com.script.selecttool.SelectToolRunner" name="runScenario" time="28.884"/>
  <system-out/>
</testsuite> <!-- com.script.selecttool.SelectToolRunner -->
