<?xml version="1.0" encoding="UTF-8"?>
<!-- Generated by org.testng.reporters.JUnitReportReporter -->
<testsuite hostname="VAZSS2234" failures="0" tests="6" name="com.script.runner.BookmarkToolRunner" time="257.058" errors="0" timestamp="2024-10-04T15:25:31 GMT+05:30" skipped="0">
  <testcase classname="com.script.runner.BookmarkToolRunner" name="runScenario" time="40.651"/>
  <system-out/>
  <testcase classname="com.script.runner.BookmarkToolRunner" name="runScenario" time="70.324"/>
  <system-out/>
  <testcase classname="com.script.runner.BookmarkToolRunner" name="runScenario" time="23.594"/>
  <system-out/>
  <testcase classname="com.script.runner.BookmarkToolRunner" name="runScenario" time="36.017"/>
  <system-out/>
  <testcase classname="com.script.runner.BookmarkToolRunner" name="runScenario" time="57.524"/>
  <system-out/>
  <testcase classname="com.script.runner.BookmarkToolRunner" name="runScenario" time="28.948"/>
  <system-out/>
</testsuite> <!-- com.script.runner.BookmarkToolRunner -->
