<?xml version="1.0" encoding="UTF-8"?>
<!-- Generated by org.testng.reporters.JUnitReportReporter -->
<testsuite hostname="VAZSS2234" failures="0" tests="7" name="com.script.locatortool.LocatorToolRunner" time="219.816" errors="0" timestamp="2024-07-23T14:08:43 GMT+05:30" skipped="0">
  <testcase classname="com.script.locatortool.LocatorToolRunner" name="runScenario" time="32.813"/>
  <system-out/>
  <testcase classname="com.script.locatortool.LocatorToolRunner" name="runScenario" time="29.944"/>
  <system-out/>
  <testcase classname="com.script.locatortool.LocatorToolRunner" name="runScenario" time="30.615"/>
  <system-out/>
  <testcase classname="com.script.locatortool.LocatorToolRunner" name="runScenario" time="37.485"/>
  <system-out/>
  <testcase classname="com.script.locatortool.LocatorToolRunner" name="runScenario" time="31.046"/>
  <system-out/>
  <testcase classname="com.script.locatortool.LocatorToolRunner" name="runScenario" time="26.514"/>
  <system-out/>
  <testcase classname="com.script.locatortool.LocatorToolRunner" name="runScenario" time="31.399"/>
  <system-out/>
</testsuite> <!-- com.script.locatortool.LocatorToolRunner -->
