<?xml version="1.0" encoding="UTF-8"?>
<!-- Generated by org.testng.reporters.JUnitReportReporter -->
<testsuite hostname="VAZSS2234" failures="0" tests="2" name="com.script.runner.ExternalToolRunner" time="76.568" errors="0" timestamp="2024-10-16T13:20:35 GMT+05:30" skipped="0">
  <testcase classname="com.script.runner.ExternalToolRunner" name="runScenario" time="42.521"/>
  <system-out/>
  <testcase classname="com.script.runner.ExternalToolRunner" name="runScenario" time="34.047"/>
  <system-out/>
</testsuite> <!-- com.script.runner.ExternalToolRunner -->
