<?xml version="1.0" encoding="UTF-8"?>
<!-- Generated by org.testng.reporters.JUnitReportReporter -->
<testsuite hostname="VAZSS2234" failures="0" tests="2" name="com.script.popupfunctions.PopupFunctionsRunner" time="46.265" errors="0" timestamp="2024-07-23T14:08:43 GMT+05:30" skipped="0">
  <testcase classname="com.script.popupfunctions.PopupFunctionsRunner" name="runScenario" time="24.753"/>
  <system-out/>
  <testcase classname="com.script.popupfunctions.PopupFunctionsRunner" name="runScenario" time="21.512"/>
  <system-out/>
</testsuite> <!-- com.script.popupfunctions.PopupFunctionsRunner -->
