<?xml version="1.0" encoding="UTF-8"?>
<!-- Generated by org.testng.reporters.JUnitReportReporter -->
<testsuite hostname="VAZSS2234" failures="0" tests="1" name="com.script.runner.LayerListToolRunner" time="38.357" errors="0" timestamp="2024-08-05T16:03:51 GMT+05:30" skipped="0">
  <testcase classname="com.script.runner.LayerListToolRunner" name="runScenario" time="38.357"/>
  <system-out/>
</testsuite> <!-- com.script.runner.LayerListToolRunner -->
