<?xml version="1.0" encoding="UTF-8"?>
<!-- Generated by org.testng.reporters.JUnitReportReporter -->
<testsuite hostname="VAZSS2234" failures="0" tests="11" name="com.script.runner.EnhancedDrawToolRunner" time="456.227" errors="0" timestamp="2024-08-05T17:59:47 GMT+05:30" skipped="0">
  <testcase classname="com.script.runner.EnhancedDrawToolRunner" name="runScenario" time="45.459"/>
  <system-out/>
  <testcase classname="com.script.runner.EnhancedDrawToolRunner" name="runScenario" time="41.241"/>
  <system-out/>
  <testcase classname="com.script.runner.EnhancedDrawToolRunner" name="runScenario" time="36.992"/>
  <system-out/>
  <testcase classname="com.script.runner.EnhancedDrawToolRunner" name="runScenario" time="46.304"/>
  <system-out/>
  <testcase classname="com.script.runner.EnhancedDrawToolRunner" name="runScenario" time="41.775"/>
  <system-out/>
  <testcase classname="com.script.runner.EnhancedDrawToolRunner" name="runScenario" time="45.541"/>
  <system-out/>
  <testcase classname="com.script.runner.EnhancedDrawToolRunner" name="runScenario" time="39.903"/>
  <system-out/>
  <testcase classname="com.script.runner.EnhancedDrawToolRunner" name="runScenario" time="36.790"/>
  <system-out/>
  <testcase classname="com.script.runner.EnhancedDrawToolRunner" name="runScenario" time="41.761"/>
  <system-out/>
  <testcase classname="com.script.runner.EnhancedDrawToolRunner" name="runScenario" time="36.327"/>
  <system-out/>
  <testcase classname="com.script.runner.EnhancedDrawToolRunner" name="runScenario" time="44.134"/>
  <system-out/>
</testsuite> <!-- com.script.runner.EnhancedDrawToolRunner -->
