<?xml version="1.0" encoding="UTF-8"?>
<!-- Generated by org.testng.reporters.JUnitReportReporter -->
<testsuite hostname="gtnahouapp139" failures="3" tests="78" name="com.script.runner.AllToolsRunner" time="4220.158" errors="1" timestamp="2024-10-03T05:10:51 CDT" skipped="0">
  <testcase classname="com.script.runner.AllToolsRunner" name="runScenario" time="19.333"/>
  <system-out/>
  <testcase classname="com.script.runner.AllToolsRunner" name="runScenario" time="335.536"/>
  <system-out/>
  <testcase classname="com.script.runner.AllToolsRunner" name="runScenario" time="25.213"/>
  <system-out/>
  <testcase classname="com.script.runner.AllToolsRunner" name="runScenario" time="40.244"/>
  <system-out/>
  <testcase classname="com.script.runner.AllToolsRunner" name="runScenario" time="19.607"/>
  <system-out/>
  <testcase classname="com.script.runner.AllToolsRunner" name="runScenario" time="347.014"/>
  <system-out/>
  <testcase classname="com.script.runner.AllToolsRunner" name="runScenario" time="45.587"/>
  <system-out/>
  <testcase classname="com.script.runner.AllToolsRunner" name="runScenario" time="21.348"/>
  <system-out/>
  <testcase classname="com.script.runner.AllToolsRunner" name="runScenario" time="37.031"/>
  <system-out/>
  <testcase classname="com.script.runner.AllToolsRunner" name="runScenario" time="53.438"/>
  <system-out/>
  <testcase classname="com.script.runner.AllToolsRunner" name="runScenario" time="22.880"/>
  <system-out/>
  <testcase classname="com.script.runner.AllToolsRunner" name="runScenario" time="16.397"/>
  <system-out/>
  <testcase classname="com.script.runner.AllToolsRunner" name="runScenario" time="215.977"/>
  <system-out/>
  <testcase classname="com.script.runner.AllToolsRunner" name="runScenario" time="16.844">
    <error message="Cannot invoke &quot;org.openqa.selenium.TakesScreenshot.getScreenshotAs(org.openqa.selenium.OutputType)&quot; because &quot;ts&quot; is null" type="java.lang.NullPointerException">
      <![CDATA[java.lang.NullPointerException: Cannot invoke "org.openqa.selenium.TakesScreenshot.getScreenshotAs(org.openqa.selenium.OutputType)" because "ts" is null
at com.utilities.TestResultScreenshot.capture(TestResultScreenshot.java:15)
at com.utilities.TestResults.PrintFailResultToReport(TestResults.java:89)
at com.utilities.TestInitializer.LaunchBrowser(TestInitializer.java:124)
at com.script.stepdefination.AppdataToolStepDefinition.LaunchApplication(AppdataToolStepDefinition.java:32)
at ✽.Application is launched in browser for Appdata Tool SheetName "AppdataTool" and rownumber 0(file:///D:/Data/AUTOMATION_ETL/SCHEDULE_TASKS/EMAP_UI_Automation-GTM/Features/Appdata.feature:6)
]]>
    </error>
  </testcase> <!-- runScenario -->
  <system-out/>
  <testcase classname="com.script.runner.AllToolsRunner" name="runScenario" time="24.075"/>
  <system-out/>
  <testcase classname="com.script.runner.AllToolsRunner" name="runScenario" time="51.718"/>
  <system-out/>
  <testcase classname="com.script.runner.AllToolsRunner" name="runScenario" time="32.506"/>
  <system-out/>
  <testcase classname="com.script.runner.AllToolsRunner" name="runScenario" time="33.322"/>
  <system-out/>
  <testcase classname="com.script.runner.AllToolsRunner" name="runScenario" time="37.369"/>
  <system-out/>
  <testcase classname="com.script.runner.AllToolsRunner" name="runScenario" time="21.620"/>
  <system-out/>
  <testcase classname="com.script.runner.AllToolsRunner" name="runScenario" time="26.735"/>
  <system-out/>
  <testcase classname="com.script.runner.AllToolsRunner" name="runScenario" time="16.262"/>
  <system-out/>
  <testcase classname="com.script.runner.AllToolsRunner" name="runScenario" time="21.810"/>
  <system-out/>
  <testcase classname="com.script.runner.AllToolsRunner" name="runScenario" time="32.677"/>
  <system-out/>
  <testcase classname="com.script.runner.AllToolsRunner" name="runScenario" time="331.444"/>
  <system-out/>
  <testcase classname="com.script.runner.AllToolsRunner" name="runScenario" time="20.726"/>
  <system-out/>
  <testcase classname="com.script.runner.AllToolsRunner" name="runScenario" time="33.728"/>
  <system-out/>
  <testcase classname="com.script.runner.AllToolsRunner" name="runScenario" time="34.774"/>
  <system-out/>
  <testcase classname="com.script.runner.AllToolsRunner" name="runScenario" time="32.915"/>
  <system-out/>
  <testcase classname="com.script.runner.AllToolsRunner" name="runScenario" time="69.550"/>
  <system-out/>
  <testcase classname="com.script.runner.AllToolsRunner" name="runScenario" time="46.713"/>
  <system-out/>
  <testcase classname="com.script.runner.AllToolsRunner" name="runScenario" time="47.906"/>
  <system-out/>
  <testcase classname="com.script.runner.AllToolsRunner" name="runScenario" time="22.333"/>
  <system-out/>
  <testcase classname="com.script.runner.AllToolsRunner" name="runScenario" time="26.523"/>
  <system-out/>
  <testcase classname="com.script.runner.AllToolsRunner" name="runScenario" time="15.832"/>
  <system-out/>
  <testcase classname="com.script.runner.AllToolsRunner" name="runScenario" time="35.228"/>
  <system-out/>
  <testcase classname="com.script.runner.AllToolsRunner" name="runScenario" time="38.036"/>
  <system-out/>
  <testcase classname="com.script.runner.AllToolsRunner" name="runScenario" time="37.174"/>
  <system-out/>
  <testcase classname="com.script.runner.AllToolsRunner" name="runScenario" time="56.377"/>
  <system-out/>
  <testcase classname="com.script.runner.AllToolsRunner" name="runScenario" time="29.908"/>
  <system-out/>
  <testcase classname="com.script.runner.AllToolsRunner" name="runScenario" time="52.160"/>
  <system-out/>
  <testcase classname="com.script.runner.AllToolsRunner" name="runScenario" time="29.070"/>
  <system-out/>
  <testcase classname="com.script.runner.AllToolsRunner" name="runScenario" time="332.650"/>
  <system-out/>
  <testcase classname="com.script.runner.AllToolsRunner" name="runScenario" time="19.716"/>
  <system-out/>
  <testcase classname="com.script.runner.AllToolsRunner" name="runScenario" time="21.134"/>
  <system-out/>
  <testcase classname="com.script.runner.AllToolsRunner" name="runScenario" time="16.927"/>
  <system-out/>
  <testcase classname="com.script.runner.AllToolsRunner" name="runScenario" time="45.255"/>
  <system-out/>
  <testcase classname="com.script.runner.AllToolsRunner" name="runScenario" time="39.715"/>
  <system-out/>
  <testcase classname="com.script.runner.AllToolsRunner" name="runScenario" time="37.808"/>
  <system-out/>
  <testcase classname="com.script.runner.AllToolsRunner" name="runScenario" time="54.521"/>
  <system-out/>
  <testcase classname="com.script.runner.AllToolsRunner" name="runScenario" time="38.012"/>
  <system-out/>
  <testcase classname="com.script.runner.AllToolsRunner" name="runScenario" time="371.228"/>
  <system-out/>
  <testcase classname="com.script.runner.AllToolsRunner" name="runScenario" time="22.328"/>
  <system-out/>
  <testcase classname="com.script.runner.AllToolsRunner" name="runScenario" time="42.573"/>
  <system-out/>
  <testcase classname="com.script.runner.AllToolsRunner" name="runScenario" time="21.835"/>
  <system-out/>
  <testcase classname="com.script.runner.AllToolsRunner" name="runScenario" time="38.604"/>
  <system-out/>
  <testcase classname="com.script.runner.AllToolsRunner" name="runScenario" time="34.713"/>
  <system-out/>
  <testcase classname="com.script.runner.AllToolsRunner" name="runScenario" time="41.334">
    <failure message="null" type="java.lang.AssertionError">
      <![CDATA[java.lang.AssertionError: null
at org.testng.Assert.fail(Assert.java:99)
at org.testng.Assert.fail(Assert.java:106)
at com.utilities.StepExecutor.ElementClick(StepExecutor.java:55)
at com.applicationfunction.ToolLocatorPage.SelectValveSection(ToolLocatorPage.java:109)
at com.script.stepdefination.LocatorToolStepDefinition.LocatewithValveSelection(LocatorToolStepDefinition.java:61)
at ✽.User should be able to use Valve Section serach option to locate an asset, location on the pipeline, or Compliance feature SheetName "LocatorTool" and rownumber 1(file:///D:/Data/AUTOMATION_ETL/SCHEDULE_TASKS/EMAP_UI_Automation-GTM/Features/LocatorTool.feature:18)
]]>
    </failure>
  </testcase> <!-- runScenario -->
  <system-out/>
  <testcase classname="com.script.runner.AllToolsRunner" name="runScenario" time="16.416"/>
  <system-out/>
  <testcase classname="com.script.runner.AllToolsRunner" name="runScenario" time="54.340"/>
  <system-out/>
  <testcase classname="com.script.runner.AllToolsRunner" name="runScenario" time="25.609"/>
  <system-out/>
  <testcase classname="com.script.runner.AllToolsRunner" name="runScenario" time="18.585"/>
  <system-out/>
  <testcase classname="com.script.runner.AllToolsRunner" name="runScenario" time="23.560"/>
  <system-out/>
  <testcase classname="com.script.runner.AllToolsRunner" name="runScenario" time="15.933"/>
  <system-out/>
  <testcase classname="com.script.runner.AllToolsRunner" name="runScenario" time="27.480"/>
  <system-out/>
  <testcase classname="com.script.runner.AllToolsRunner" name="runScenario" time="21.731"/>
  <system-out/>
  <testcase classname="com.script.runner.AllToolsRunner" name="runScenario" time="35.643"/>
  <system-out/>
  <testcase classname="com.script.runner.AllToolsRunner" name="runScenario" time="36.904"/>
  <system-out/>
  <testcase classname="com.script.runner.AllToolsRunner" name="runScenario" time="21.186"/>
  <system-out/>
  <testcase classname="com.script.runner.AllToolsRunner" name="runScenario" time="33.673">
    <failure message="null" type="java.lang.AssertionError">
      <![CDATA[java.lang.AssertionError: null
at org.testng.Assert.fail(Assert.java:99)
at org.testng.Assert.fail(Assert.java:106)
at com.applicationfunction.ToolImageryPage.TakePictures(ToolImageryPage.java:227)
at com.applicationfunction.ToolImageryPage.ClickPictometry(ToolImageryPage.java:188)
at com.script.stepdefination.ImageryToolStepDefinition.OpenPictometry(ImageryToolStepDefinition.java:65)
at ✽.User can open pictometry and can see the pictures in widget by plotting points on map(file:///D:/Data/AUTOMATION_ETL/SCHEDULE_TASKS/EMAP_UI_Automation-GTM/Features/ImageryTool.feature:28)
]]>
    </failure>
  </testcase> <!-- runScenario -->
  <system-out/>
  <testcase classname="com.script.runner.AllToolsRunner" name="runScenario" time="35.028"/>
  <system-out/>
  <testcase classname="com.script.runner.AllToolsRunner" name="runScenario" time="26.270"/>
  <system-out/>
  <testcase classname="com.script.runner.AllToolsRunner" name="runScenario" time="37.721"/>
  <system-out/>
  <testcase classname="com.script.runner.AllToolsRunner" name="runScenario" time="36.320"/>
  <system-out/>
  <testcase classname="com.script.runner.AllToolsRunner" name="runScenario" time="26.139"/>
  <system-out/>
  <testcase classname="com.script.runner.AllToolsRunner" name="runScenario" time="19.798"/>
  <system-out/>
  <testcase classname="com.script.runner.AllToolsRunner" name="runScenario" time="24.236"/>
  <system-out/>
  <testcase classname="com.script.runner.AllToolsRunner" name="runScenario" time="30.293">
    <failure message="null" type="java.lang.AssertionError">
      <![CDATA[java.lang.AssertionError: null
at org.testng.Assert.fail(Assert.java:99)
at org.testng.Assert.fail(Assert.java:106)
at com.utilities.StepExecutor.ElementClick(StepExecutor.java:55)
at com.applicationfunction.ToolLocatorPage.SelectBusinessUnit(ToolLocatorPage.java:64)
at com.script.stepdefination.LocatorToolStepDefinition.LocatewithHCA(LocatorToolStepDefinition.java:119)
at ✽.User should be able to use HCA serach option to locate an asset, location on the pipeline, or Compliance feature SheetName "LocatorTool" and rownumber 6(file:///D:/Data/AUTOMATION_ETL/SCHEDULE_TASKS/EMAP_UI_Automation-GTM/Features/LocatorTool.feature:68)
]]>
    </failure>
  </testcase> <!-- runScenario -->
  <system-out/>
</testsuite> <!-- com.script.runner.AllToolsRunner -->
