<?xml version="1.0" encoding="UTF-8"?>
<!-- Generated by org.testng.reporters.JUnitReportReporter -->
<testsuite hostname="VAZSS2234" failures="2" tests="3" name="com.script.runner.DirectionsToolRunner" time="138.819" errors="0" timestamp="2024-08-05T17:59:47 GMT+05:30" skipped="0">
  <testcase classname="com.script.runner.DirectionsToolRunner" name="runScenario" time="43.024">
    <failure message="null" type="java.lang.AssertionError">
      <![CDATA[java.lang.AssertionError: null
at org.testng.Assert.fail(Assert.java:99)
at org.testng.Assert.fail(Assert.java:106)
at com.applicationfunctions.common.HomePage.HomePagePopupAccept(HomePage.java:38)
at com.script.stepdefination.DirectionsToolStepDefinition.ClickProximityTool(DirectionsToolStepDefinition.java:38)
at ✽.Directions tool is clicked and tool is opened(file:///C:/Users/kulkars2/Documents/Java/JavaWorkSpace/EMAP_UI_Automation-GTM/Features/DirectionsTool.feature:17)
]]>
    </failure>
  </testcase> <!-- runScenario -->
  <system-out/>
  <testcase classname="com.script.runner.DirectionsToolRunner" name="runScenario" time="55.566">
    <failure message="null" type="java.lang.AssertionError">
      <![CDATA[java.lang.AssertionError: null
at org.testng.Assert.fail(Assert.java:99)
at org.testng.Assert.fail(Assert.java:106)
at com.utilities.StepExecutor.SetText(StepExecutor.java:77)
at com.applicationfunction.ToolDirectionsPage.EnterAddress(ToolDirectionsPage.java:53)
at com.script.stepdefination.DirectionsToolStepDefinition.DirectionRuralWalkingTime(DirectionsToolStepDefinition.java:64)
at ✽.User should be able to get direction between two locations using Directions tool and also able to get Walking Time SheetName "DirectionsTool" and rownumber 2(file:///C:/Users/kulkars2/Documents/Java/JavaWorkSpace/EMAP_UI_Automation-GTM/Features/DirectionsTool.feature:28)
]]>
    </failure>
  </testcase> <!-- runScenario -->
  <system-out/>
  <testcase classname="com.script.runner.DirectionsToolRunner" name="runScenario" time="40.229"/>
  <system-out/>
</testsuite> <!-- com.script.runner.DirectionsToolRunner -->
