<?xml version="1.0" encoding="UTF-8"?>
<!-- Generated by org.testng.reporters.JUnitReportReporter -->
<testsuite hostname="gtnahouapp139" failures="0" tests="7" name="com.script.locatortool.LocatorToolRunner" time="190.115" errors="0" timestamp="2024-08-13T05:04:00 CDT" skipped="0">
  <testcase classname="com.script.locatortool.LocatorToolRunner" name="runScenario" time="26.785"/>
  <system-out/>
  <testcase classname="com.script.locatortool.LocatorToolRunner" name="runScenario" time="26.962"/>
  <system-out/>
  <testcase classname="com.script.locatortool.LocatorToolRunner" name="runScenario" time="25.328"/>
  <system-out/>
  <testcase classname="com.script.locatortool.LocatorToolRunner" name="runScenario" time="28.140"/>
  <system-out/>
  <testcase classname="com.script.locatortool.LocatorToolRunner" name="runScenario" time="28.038"/>
  <system-out/>
  <testcase classname="com.script.locatortool.LocatorToolRunner" name="runScenario" time="28.241"/>
  <system-out/>
  <testcase classname="com.script.locatortool.LocatorToolRunner" name="runScenario" time="26.621"/>
  <system-out/>
</testsuite> <!-- com.script.locatortool.LocatorToolRunner -->
