<?xml version="1.0" encoding="UTF-8"?>
<!-- Generated by org.testng.reporters.JUnitReportReporter -->
<testsuite hostname="gtnahouapp139" failures="0" tests="3" name="com.script.directionstool.DirectionsToolRunner" time="103.648" errors="0" timestamp="2024-08-13T05:04:00 CDT" skipped="0">
  <testcase classname="com.script.directionstool.DirectionsToolRunner" name="runScenario" time="32.215"/>
  <system-out/>
  <testcase classname="com.script.directionstool.DirectionsToolRunner" name="runScenario" time="35.346"/>
  <system-out/>
  <testcase classname="com.script.directionstool.DirectionsToolRunner" name="runScenario" time="36.087"/>
  <system-out/>
</testsuite> <!-- com.script.directionstool.DirectionsToolRunner -->
