<?xml version="1.0" encoding="UTF-8"?>
<!-- Generated by org.testng.reporters.JUnitReportReporter -->
<testsuite hostname="VAZSS2234" failures="2" tests="4" name="com.script.runner.ImageryToolRunner" time="174.185" errors="0" timestamp="2024-08-05T17:59:47 GMT+05:30" skipped="0">
  <testcase classname="com.script.runner.ImageryToolRunner" name="runScenario" time="22.167">
    <failure message="null" type="java.lang.AssertionError">
      <![CDATA[java.lang.AssertionError: null
at org.testng.Assert.fail(Assert.java:99)
at org.testng.Assert.fail(Assert.java:106)
at com.applicationfunction.ToolImageryPage.GetLatLongValue(ToolImageryPage.java:143)
at com.script.stepdefination.ImageryToolStepDefinition.OpenStreetView(ImageryToolStepDefinition.java:57)
at ✽.User can open streetview by setting coordinates on map from streetviewAerial widget(file:///C:/Users/kulkars2/Documents/Java/JavaWorkSpace/EMAP_UI_Automation-GTM/Features/ImageryTool.feature:18)
]]>
    </failure>
  </testcase> <!-- runScenario -->
  <system-out/>
  <testcase classname="com.script.runner.ImageryToolRunner" name="runScenario" time="58.076">
    <failure message="null" type="java.lang.AssertionError">
      <![CDATA[java.lang.AssertionError: null
at org.testng.Assert.fail(Assert.java:99)
at org.testng.Assert.fail(Assert.java:106)
at com.applicationfunction.ToolImageryPage.TakePictures(ToolImageryPage.java:215)
at com.applicationfunction.ToolImageryPage.ClickPictometry(ToolImageryPage.java:177)
at com.script.stepdefination.ImageryToolStepDefinition.OpenPictometry(ImageryToolStepDefinition.java:65)
at ✽.User can open pictometry and can see the pictures in widget by plotting points on map(file:///C:/Users/kulkars2/Documents/Java/JavaWorkSpace/EMAP_UI_Automation-GTM/Features/ImageryTool.feature:28)
]]>
    </failure>
  </testcase> <!-- runScenario -->
  <system-out/>
  <testcase classname="com.script.runner.ImageryToolRunner" name="runScenario" time="56.761"/>
  <system-out/>
  <testcase classname="com.script.runner.ImageryToolRunner" name="runScenario" time="37.181"/>
  <system-out/>
</testsuite> <!-- com.script.runner.ImageryToolRunner -->
