<?xml version="1.0" encoding="UTF-8"?>
<!-- Generated by org.testng.reporters.JUnitReportReporter -->
<testsuite hostname="gtnahouapp139" failures="0" tests="2" name="com.script.popupfunctions.PopupFunctionsRunner" time="58.609" errors="0" timestamp="2024-08-13T05:04:00 CDT" skipped="0">
  <testcase classname="com.script.popupfunctions.PopupFunctionsRunner" name="runScenario" time="29.130"/>
  <system-out/>
  <testcase classname="com.script.popupfunctions.PopupFunctionsRunner" name="runScenario" time="29.479"/>
  <system-out/>
</testsuite> <!-- com.script.popupfunctions.PopupFunctionsRunner -->
