<?xml version="1.0" encoding="UTF-8"?>
<!-- Generated by org.testng.reporters.JUnitReportReporter -->
<testsuite hostname="gtnahouapp139" failures="0" tests="12" name="com.script.selecttool.SelectToolRunner" time="339.759" errors="0" timestamp="2024-08-13T05:04:00 CDT" skipped="0">
  <testcase classname="com.script.selecttool.SelectToolRunner" name="runScenario" time="25.659"/>
  <system-out/>
  <testcase classname="com.script.selecttool.SelectToolRunner" name="runScenario" time="26.011"/>
  <system-out/>
  <testcase classname="com.script.selecttool.SelectToolRunner" name="runScenario" time="26.171"/>
  <system-out/>
  <testcase classname="com.script.selecttool.SelectToolRunner" name="runScenario" time="25.961"/>
  <system-out/>
  <testcase classname="com.script.selecttool.SelectToolRunner" name="runScenario" time="29.748"/>
  <system-out/>
  <testcase classname="com.script.selecttool.SelectToolRunner" name="runScenario" time="37.328"/>
  <system-out/>
  <testcase classname="com.script.selecttool.SelectToolRunner" name="runScenario" time="36.874"/>
  <system-out/>
  <testcase classname="com.script.selecttool.SelectToolRunner" name="runScenario" time="27.246"/>
  <system-out/>
  <testcase classname="com.script.selecttool.SelectToolRunner" name="runScenario" time="24.576"/>
  <system-out/>
  <testcase classname="com.script.selecttool.SelectToolRunner" name="runScenario" time="25.650"/>
  <system-out/>
  <testcase classname="com.script.selecttool.SelectToolRunner" name="runScenario" time="28.408"/>
  <system-out/>
  <testcase classname="com.script.selecttool.SelectToolRunner" name="runScenario" time="26.127"/>
  <system-out/>
</testsuite> <!-- com.script.selecttool.SelectToolRunner -->
