<?xml version="1.0" encoding="UTF-8"?>
<!-- Generated by org.testng.reporters.JUnitReportReporter -->
<testsuite hostname="gtnahouapp139" failures="0" tests="4" name="com.script.bookmarktool.BookmarkToolRunner" time="93.752" errors="1" timestamp="2024-08-13T05:04:00 CDT" skipped="0">
  <testcase classname="com.script.bookmarktool.BookmarkToolRunner" name="runScenario" time="29.836"/>
  <system-out/>
  <testcase classname="com.script.bookmarktool.BookmarkToolRunner" name="runScenario" time="26.814"/>
  <system-out/>
  <testcase classname="com.script.bookmarktool.BookmarkToolRunner" name="runScenario" time="37.101"/>
  <system-out/>
  <testcase classname="com.script.bookmarktool.BookmarkToolRunner" name="SendEmail" time="0.001">
    <error message="Stream closed" type="java.io.IOException">
      <![CDATA[java.io.IOException: Stream closed
at java.base/java.io.BufferedWriter.ensureOpen(BufferedWriter.java:107)
at java.base/java.io.BufferedWriter.write(BufferedWriter.java:224)
at java.base/java.io.Writer.write(Writer.java:249)
at com.utilities.TestResults.CloseFile(TestResults.java:144)
at com.script.bookmarktool.BookmarkToolRunner.SendEmail(BookmarkToolRunner.java:47)
at java.base/jdk.internal.reflect.NativeMethodAccessorImpl.invoke0(Native Method)
at java.base/jdk.internal.reflect.NativeMethodAccessorImpl.invoke(NativeMethodAccessorImpl.java:77)
at java.base/jdk.internal.reflect.DelegatingMethodAccessorImpl.invoke(DelegatingMethodAccessorImpl.java:43)
at java.base/java.lang.reflect.Method.invoke(Method.java:568)
at org.testng.internal.MethodInvocationHelper.invokeMethod(MethodInvocationHelper.java:133)
at org.testng.internal.MethodInvocationHelper.invokeMethodConsideringTimeout(MethodInvocationHelper.java:62)
at org.testng.internal.ConfigInvoker.invokeConfigurationMethod(ConfigInvoker.java:385)
at org.testng.internal.ConfigInvoker.invokeConfigurations(ConfigInvoker.java:321)
at org.testng.SuiteRunner.privateRun(SuiteRunner.java:344)
at org.testng.SuiteRunner.run(SuiteRunner.java:276)
at org.testng.SuiteRunnerWorker.runSuite(SuiteRunnerWorker.java:53)
at org.testng.SuiteRunnerWorker.run(SuiteRunnerWorker.java:96)
at org.testng.TestNG.runSuitesSequentially(TestNG.java:1212)
at org.testng.TestNG.runSuitesLocally(TestNG.java:1134)
at org.testng.TestNG.runSuites(TestNG.java:1063)
at org.testng.TestNG.run(TestNG.java:1031)
at org.apache.maven.surefire.testng.TestNGExecutor.run(TestNGExecutor.java:132)
at org.apache.maven.surefire.testng.TestNGDirectoryTestSuite.executeMulti(TestNGDirectoryTestSuite.java:193)
at org.apache.maven.surefire.testng.TestNGDirectoryTestSuite.execute(TestNGDirectoryTestSuite.java:94)
at org.apache.maven.surefire.testng.TestNGProvider.invoke(TestNGProvider.java:147)
at org.apache.maven.surefire.booter.ForkedBooter.invokeProviderInSameClassLoader(ForkedBooter.java:290)
at org.apache.maven.surefire.booter.ForkedBooter.runSuitesInProcess(ForkedBooter.java:242)
at org.apache.maven.surefire.booter.ForkedBooter.main(ForkedBooter.java:121)
]]>
    </error>
  </testcase> <!-- SendEmail -->
  <system-out/>
</testsuite> <!-- com.script.bookmarktool.BookmarkToolRunner -->
