<?xml version="1.0" encoding="UTF-8"?>
<!-- Generated by org.testng.reporters.JUnitReportReporter -->
<testsuite hostname="gtnahouapp139" failures="0" tests="6" name="com.script.proximitytool.ProximityToolRunner" time="1340.230" errors="0" timestamp="2024-08-13T05:04:00 CDT" skipped="0">
  <testcase classname="com.script.proximitytool.ProximityToolRunner" name="runScenario" time="266.999"/>
  <system-out/>
  <testcase classname="com.script.proximitytool.ProximityToolRunner" name="runScenario" time="267.054"/>
  <system-out/>
  <testcase classname="com.script.proximitytool.ProximityToolRunner" name="runScenario" time="266.883"/>
  <system-out/>
  <testcase classname="com.script.proximitytool.ProximityToolRunner" name="runScenario" time="267.761"/>
  <system-out/>
  <testcase classname="com.script.proximitytool.ProximityToolRunner" name="runScenario" time="41.057"/>
  <system-out/>
  <testcase classname="com.script.proximitytool.ProximityToolRunner" name="runScenario" time="230.476"/>
  <system-out/>
</testsuite> <!-- com.script.proximitytool.ProximityToolRunner -->
