<?xml version="1.0" encoding="UTF-8"?>
<!-- Generated by org.testng.reporters.JUnitReportReporter -->
<testsuite hostname="VAZSS2234" failures="1" tests="2" name="com.applicationfunction.AllToolsRunner" time="49.958" errors="1" timestamp="2024-08-12T21:38:59 GMT+05:30" skipped="0">
  <testcase classname="com.applicationfunction.AllToolsRunner" name="runScenario" time="1.079">
    <error message="javax/xml/bind/JAXBException" type="java.lang.NoClassDefFoundError">
      <![CDATA[java.lang.NoClassDefFoundError: javax/xml/bind/JAXBException
at com.jayway.restassured.config.ObjectMapperConfig.<init>(ObjectMapperConfig.java:49)
at com.jayway.restassured.config.RestAssuredConfig.<init>(RestAssuredConfig.java:41)
at com.jayway.restassured.RestAssured.<clinit>(RestAssured.java:423)
at com.applicationfunction.APIUploadPO.APIUploadPurchaseOrder(APIUploadPO.java:35)
at com.script.stepdefination.BookmarkToolStepDefinition.LaunchApplication(BookmarkToolStepDefinition.java:19)
at ✽.Application is launched in browser for Bookmark Tool SheetName "BookmarkTool" and rownumber 0(file:///C:/Users/kulkars2/Documents/Java/JavaWorkSpace/EMAP_UI_Automation-GTM/Features/BookmarkTool.feature:6)
Caused by: java.lang.ClassNotFoundException: javax.xml.bind.JAXBException
at java.base/jdk.internal.loader.BuiltinClassLoader.loadClass(BuiltinClassLoader.java:641)
at java.base/jdk.internal.loader.ClassLoaders$AppClassLoader.loadClass(ClassLoaders.java:188)
at java.base/java.lang.ClassLoader.loadClass(ClassLoader.java:526)
at com.jayway.restassured.config.ObjectMapperConfig.<init>(ObjectMapperConfig.java:49)
at com.jayway.restassured.config.RestAssuredConfig.<init>(RestAssuredConfig.java:41)
at com.jayway.restassured.RestAssured.<clinit>(RestAssured.java:423)
at com.applicationfunction.APIUploadPO.APIUploadPurchaseOrder(APIUploadPO.java:35)
at com.script.stepdefination.BookmarkToolStepDefinition.LaunchApplication(BookmarkToolStepDefinition.java:19)
at java.base/jdk.internal.reflect.DirectMethodHandleAccessor.invoke(DirectMethodHandleAccessor.java:103)
at java.base/java.lang.reflect.Method.invoke(Method.java:580)
at io.cucumber.java.Invoker.doInvoke(Invoker.java:66)
at io.cucumber.java.Invoker.invoke(Invoker.java:24)
at io.cucumber.java.AbstractGlueDefinition.invokeMethod(AbstractGlueDefinition.java:44)
at io.cucumber.java.JavaStepDefinition.execute(JavaStepDefinition.java:29)
at io.cucumber.core.runner.PickleStepDefinitionMatch.runStep(PickleStepDefinitionMatch.java:63)
at io.cucumber.core.runner.TestStep.executeStep(TestStep.java:92)
at io.cucumber.core.runner.TestStep.run(TestStep.java:63)
at io.cucumber.core.runner.PickleStepTestStep.run(PickleStepTestStep.java:49)
at io.cucumber.core.runner.TestCase.run(TestCase.java:98)
at io.cucumber.core.runner.Runner.runPickle(Runner.java:71)
at io.cucumber.testng.TestNGCucumberRunner.lambda$runScenario$0(TestNGCucumberRunner.java:115)
at io.cucumber.core.runtime.CucumberExecutionContext.runTestCase(CucumberExecutionContext.java:131)
at io.cucumber.testng.TestNGCucumberRunner.runScenario(TestNGCucumberRunner.java:112)
at io.cucumber.testng.AbstractTestNGCucumberTests.runScenario(AbstractTestNGCucumberTests.java:31)
at java.base/jdk.internal.reflect.DirectMethodHandleAccessor.invoke(DirectMethodHandleAccessor.java:103)
at java.base/java.lang.reflect.Method.invoke(Method.java:580)
at org.testng.internal.MethodInvocationHelper.invokeMethod(MethodInvocationHelper.java:133)
at org.testng.internal.TestInvoker.invokeMethod(TestInvoker.java:598)
at org.testng.internal.TestInvoker.invokeTestMethod(TestInvoker.java:173)
at org.testng.internal.MethodRunner.runInSequence(MethodRunner.java:46)
at org.testng.internal.TestInvoker$MethodInvocationAgent.invoke(TestInvoker.java:824)
at org.testng.internal.TestInvoker.invokeTestMethods(TestInvoker.java:146)
at org.testng.internal.TestMethodWorker.invokeTestMethods(TestMethodWorker.java:146)
at org.testng.internal.TestMethodWorker.run(TestMethodWorker.java:128)
at java.base/java.util.ArrayList.forEach(ArrayList.java:1596)
at org.testng.TestRunner.privateRun(TestRunner.java:794)
at org.testng.TestRunner.run(TestRunner.java:596)
at org.testng.SuiteRunner.runTest(SuiteRunner.java:377)
at org.testng.SuiteRunner.runSequentially(SuiteRunner.java:371)
at org.testng.SuiteRunner.privateRun(SuiteRunner.java:332)
at org.testng.SuiteRunner.run(SuiteRunner.java:276)
at org.testng.SuiteRunnerWorker.runSuite(SuiteRunnerWorker.java:53)
at org.testng.SuiteRunnerWorker.run(SuiteRunnerWorker.java:96)
at org.testng.TestNG.runSuitesSequentially(TestNG.java:1212)
at org.testng.TestNG.runSuitesLocally(TestNG.java:1134)
at org.testng.TestNG.runSuites(TestNG.java:1063)
at org.testng.TestNG.run(TestNG.java:1031)
at org.apache.maven.surefire.testng.TestNGExecutor.run(TestNGExecutor.java:132)
at org.apache.maven.surefire.testng.TestNGDirectoryTestSuite.executeMulti(TestNGDirectoryTestSuite.java:193)
at org.apache.maven.surefire.testng.TestNGDirectoryTestSuite.execute(TestNGDirectoryTestSuite.java:94)
at org.apache.maven.surefire.testng.TestNGProvider.invoke(TestNGProvider.java:147)
at org.apache.maven.surefire.booter.ForkedBooter.invokeProviderInSameClassLoader(ForkedBooter.java:290)
at org.apache.maven.surefire.booter.ForkedBooter.runSuitesInProcess(ForkedBooter.java:242)
at org.apache.maven.surefire.booter.ForkedBooter.main(ForkedBooter.java:121)
]]>
    </error>
  </testcase> <!-- runScenario -->
  <system-out/>
  <testcase classname="com.applicationfunction.AllToolsRunner" name="runScenario" time="48.879">
    <failure message="null" type="java.lang.AssertionError">
      <![CDATA[java.lang.AssertionError: null
at org.testng.Assert.fail(Assert.java:99)
at org.testng.Assert.fail(Assert.java:106)
at com.utilities.StepExecutor.ElementClick(StepExecutor.java:55)
at com.applicationfunction.ToolLayerListPage.CheckLayerVisibility(ToolLayerListPage.java:61)
at com.script.stepdefination.LayerListToolStepDefinition.SelectDeselectLayer(LayerListToolStepDefinition.java:43)
at ✽.User should be able to select and deselect the layer from layerlist tool and as per the selection and deselction visibility of the layer become ON and OFF on map(file:///C:/Users/kulkars2/Documents/Java/JavaWorkSpace/EMAP_UI_Automation-GTM/Features/LayerListTool.feature:8)
]]>
    </failure>
  </testcase> <!-- runScenario -->
  <system-out/>
</testsuite> <!-- com.applicationfunction.AllToolsRunner -->
