<?xml version="1.0" encoding="UTF-8"?>
<!-- Generated by org.testng.reporters.JUnitReportReporter -->
<testsuite hostname="gtnahouapp139" failures="5" tests="5" name="com.script.printtool.PrintToolRunner" time="156.716" errors="0" timestamp="2024-08-13T05:04:00 CDT" skipped="0">
  <testcase classname="com.script.printtool.PrintToolRunner" name="runScenario" time="30.824">
    <failure message="null" type="java.lang.AssertionError">
      <![CDATA[java.lang.AssertionError: null
at org.testng.Assert.fail(Assert.java:99)
at org.testng.Assert.fail(Assert.java:106)
at com.utilities.StepExecutor.ElementClick(StepExecutor.java:55)
at com.applicationfunction.ToolPrintPage.PrintForEnbridgeTemplateLayout(ToolPrintPage.java:67)
at com.script.printtool.PrintToolStepDefinition.PrintForEnbridgePortraitTemplateLayout(PrintToolStepDefinition.java:56)
at ✽.In Enbridge Portrait Template Layout user is able to print in all the different formats SheetName "PrintTool" and rownumber 2(file:///D:/Data/AUTOMATION_ETL/SCHEDULE_TASKS/EMAP_UI_Automation-GTM/Features/PrintTool.feature:28)
]]>
    </failure>
  </testcase> <!-- runScenario -->
  <system-out/>
  <testcase classname="com.script.printtool.PrintToolRunner" name="runScenario" time="32.005">
    <failure message="null" type="java.lang.AssertionError">
      <![CDATA[java.lang.AssertionError: null
at org.testng.Assert.fail(Assert.java:99)
at org.testng.Assert.fail(Assert.java:106)
at com.utilities.StepExecutor.ElementClick(StepExecutor.java:55)
at com.applicationfunction.ToolPrintPage.PrintForEnbridgeTemplateLayout(ToolPrintPage.java:67)
at com.script.printtool.PrintToolStepDefinition.PrintForLPClassLocationLayoutStaticPRODAttributesLayout(PrintToolStepDefinition.java:70)
at ✽.In LP_ClassLocation_Layout_Static_PROD_10.4 Layout user is able to print in all the different formats SheetName "PrintTool" and rownumber 4(file:///D:/Data/AUTOMATION_ETL/SCHEDULE_TASKS/EMAP_UI_Automation-GTM/Features/PrintTool.feature:48)
]]>
    </failure>
  </testcase> <!-- runScenario -->
  <system-out/>
  <testcase classname="com.script.printtool.PrintToolRunner" name="runScenario" time="32.622">
    <failure message="null" type="java.lang.AssertionError">
      <![CDATA[java.lang.AssertionError: null
at org.testng.Assert.fail(Assert.java:99)
at org.testng.Assert.fail(Assert.java:106)
at com.utilities.StepExecutor.ElementClick(StepExecutor.java:55)
at com.applicationfunction.ToolPrintPage.PrintForEnbridgeTemplateLayout(ToolPrintPage.java:67)
at com.script.printtool.PrintToolStepDefinition.PrintForEnbridgeLandscapeTemplateAttributesLayout(PrintToolStepDefinition.java:49)
at ✽.In Enbridge Landscape Template Attributes Layout user is able to print in all the different formats SheetName "PrintTool" and rownumber 1(file:///D:/Data/AUTOMATION_ETL/SCHEDULE_TASKS/EMAP_UI_Automation-GTM/Features/PrintTool.feature:18)
]]>
    </failure>
  </testcase> <!-- runScenario -->
  <system-out/>
  <testcase classname="com.script.printtool.PrintToolRunner" name="runScenario" time="30.985">
    <failure message="null" type="java.lang.AssertionError">
      <![CDATA[java.lang.AssertionError: null
at org.testng.Assert.fail(Assert.java:99)
at org.testng.Assert.fail(Assert.java:106)
at com.utilities.StepExecutor.ElementClick(StepExecutor.java:55)
at com.applicationfunction.ToolPrintPage.PrintForEnbridgeTemplateLayout(ToolPrintPage.java:67)
at com.script.printtool.PrintToolStepDefinition.PrintForEnbridgeLandscapeTemplateLayout(PrintToolStepDefinition.java:42)
at ✽.In Enbridge Landscape Template Layout user is able to print in all the different formats SheetName "PrintTool" and rownumber 0(file:///D:/Data/AUTOMATION_ETL/SCHEDULE_TASKS/EMAP_UI_Automation-GTM/Features/PrintTool.feature:8)
]]>
    </failure>
  </testcase> <!-- runScenario -->
  <system-out/>
  <testcase classname="com.script.printtool.PrintToolRunner" name="runScenario" time="30.280">
    <failure message="null" type="java.lang.AssertionError">
      <![CDATA[java.lang.AssertionError: null
at org.testng.Assert.fail(Assert.java:99)
at org.testng.Assert.fail(Assert.java:106)
at com.utilities.StepExecutor.ElementClick(StepExecutor.java:55)
at com.applicationfunction.ToolPrintPage.PrintForEnbridgeTemplateLayout(ToolPrintPage.java:67)
at com.script.printtool.PrintToolStepDefinition.PrintForEnbridgePortraitTemplateAttributesLayout(PrintToolStepDefinition.java:63)
at ✽.In Enbridge Portrait Template Attributes Layout user is able to print in all the different formats SheetName "PrintTool" and rownumber 3(file:///D:/Data/AUTOMATION_ETL/SCHEDULE_TASKS/EMAP_UI_Automation-GTM/Features/PrintTool.feature:38)
]]>
    </failure>
  </testcase> <!-- runScenario -->
  <system-out/>
</testsuite> <!-- com.script.printtool.PrintToolRunner -->
