<?xml version="1.0" encoding="UTF-8"?>
<!-- Generated by org.testng.reporters.JUnitReportReporter -->
<testsuite hostname="gtnahouapp139" failures="0" tests="7" name="com.script.elevationprofile.ElevationProfileToolRunner" time="433.752" errors="0" timestamp="2024-08-13T05:04:00 CDT" skipped="0">
  <testcase classname="com.script.elevationprofile.ElevationProfileToolRunner" name="runScenario" time="66.913"/>
  <system-out/>
  <testcase classname="com.script.elevationprofile.ElevationProfileToolRunner" name="runScenario" time="50.360"/>
  <system-out/>
  <testcase classname="com.script.elevationprofile.ElevationProfileToolRunner" name="runScenario" time="66.076"/>
  <system-out/>
  <testcase classname="com.script.elevationprofile.ElevationProfileToolRunner" name="runScenario" time="52.698"/>
  <system-out/>
  <testcase classname="com.script.elevationprofile.ElevationProfileToolRunner" name="runScenario" time="64.421"/>
  <system-out/>
  <testcase classname="com.script.elevationprofile.ElevationProfileToolRunner" name="runScenario" time="68.665"/>
  <system-out/>
  <testcase classname="com.script.elevationprofile.ElevationProfileToolRunner" name="runScenario" time="64.619"/>
  <system-out/>
</testsuite> <!-- com.script.elevationprofile.ElevationProfileToolRunner -->
