<?xml version="1.0" encoding="UTF-8"?>
<!-- Generated by org.testng.reporters.JUnitReportReporter -->
<testsuite hostname="VAZSS2234" failures="0" tests="7" name="com.script.runner.LocatorToolRunner" time="261.780" errors="0" timestamp="2024-08-05T17:59:47 GMT+05:30" skipped="0">
  <testcase classname="com.script.runner.LocatorToolRunner" name="runScenario" time="30.739"/>
  <system-out/>
  <testcase classname="com.script.runner.LocatorToolRunner" name="runScenario" time="48.757"/>
  <system-out/>
  <testcase classname="com.script.runner.LocatorToolRunner" name="runScenario" time="58.746"/>
  <system-out/>
  <testcase classname="com.script.runner.LocatorToolRunner" name="runScenario" time="27.999"/>
  <system-out/>
  <testcase classname="com.script.runner.LocatorToolRunner" name="runScenario" time="27.783"/>
  <system-out/>
  <testcase classname="com.script.runner.LocatorToolRunner" name="runScenario" time="35.782"/>
  <system-out/>
  <testcase classname="com.script.runner.LocatorToolRunner" name="runScenario" time="31.974"/>
  <system-out/>
</testsuite> <!-- com.script.runner.LocatorToolRunner -->
