<?xml version="1.0" encoding="UTF-8"?>
<!-- Generated by org.testng.reporters.JUnitReportReporter -->
<testsuite hostname="gtnahouapp139" failures="0" tests="11" name="com.script.enhanceddrawtool.EnhancedDrawToolRunner" time="389.333" errors="0" timestamp="2024-08-13T05:04:00 CDT" skipped="0">
  <testcase classname="com.script.enhanceddrawtool.EnhancedDrawToolRunner" name="runScenario" time="34.778"/>
  <system-out/>
  <testcase classname="com.script.enhanceddrawtool.EnhancedDrawToolRunner" name="runScenario" time="35.447"/>
  <system-out/>
  <testcase classname="com.script.enhanceddrawtool.EnhancedDrawToolRunner" name="runScenario" time="37.921"/>
  <system-out/>
  <testcase classname="com.script.enhanceddrawtool.EnhancedDrawToolRunner" name="runScenario" time="35.789"/>
  <system-out/>
  <testcase classname="com.script.enhanceddrawtool.EnhancedDrawToolRunner" name="runScenario" time="36.206"/>
  <system-out/>
  <testcase classname="com.script.enhanceddrawtool.EnhancedDrawToolRunner" name="runScenario" time="34.337"/>
  <system-out/>
  <testcase classname="com.script.enhanceddrawtool.EnhancedDrawToolRunner" name="runScenario" time="34.830"/>
  <system-out/>
  <testcase classname="com.script.enhanceddrawtool.EnhancedDrawToolRunner" name="runScenario" time="36.658"/>
  <system-out/>
  <testcase classname="com.script.enhanceddrawtool.EnhancedDrawToolRunner" name="runScenario" time="34.261"/>
  <system-out/>
  <testcase classname="com.script.enhanceddrawtool.EnhancedDrawToolRunner" name="runScenario" time="33.373"/>
  <system-out/>
  <testcase classname="com.script.enhanceddrawtool.EnhancedDrawToolRunner" name="runScenario" time="35.733"/>
  <system-out/>
</testsuite> <!-- com.script.enhanceddrawtool.EnhancedDrawToolRunner -->
