<?xml version="1.0" encoding="UTF-8"?>
<!-- Generated by org.testng.reporters.JUnitReportReporter -->
<testsuite hostname="gtnahouapp139" failures="0" tests="2" name="com.script.appdatatool.AppdataToolRunner" time="59.967" errors="0" timestamp="2024-08-13T05:04:00 CDT" skipped="0">
  <testcase classname="com.script.appdatatool.AppdataToolRunner" name="runScenario" time="27.313"/>
  <system-out/>
  <testcase classname="com.script.appdatatool.AppdataToolRunner" name="runScenario" time="32.654"/>
  <system-out/>
</testsuite> <!-- com.script.appdatatool.AppdataToolRunner -->
