<?xml version="1.0" encoding="UTF-8"?>
<!-- Generated by org.testng.reporters.JUnitReportReporter -->
<testsuite hostname="VAZSS2234" failures="0" tests="2" name="com.script.runner.PopupFunctionsRunner" time="138.618" errors="0" timestamp="2024-08-05T17:59:47 GMT+05:30" skipped="0">
  <testcase classname="com.script.runner.PopupFunctionsRunner" name="runScenario" time="57.107"/>
  <system-out/>
  <testcase classname="com.script.runner.PopupFunctionsRunner" name="runScenario" time="81.511"/>
  <system-out/>
</testsuite> <!-- com.script.runner.PopupFunctionsRunner -->
