<?xml version="1.0" encoding="UTF-8"?>
<!-- Generated by org.testng.reporters.JUnitReportReporter -->
<testsuite hostname="VAZSS2234" failures="1" tests="2" name="com.script.runner.LayerListToolRunner" time="34.849" errors="1" timestamp="2024-08-06T17:19:34 GMT+05:30" skipped="0">
  <testcase classname="com.script.runner.LayerListToolRunner" name="runScenario" time="34.849">
    <failure message="null" type="java.lang.AssertionError">
      <![CDATA[java.lang.AssertionError: null
at org.testng.Assert.fail(Assert.java:99)
at org.testng.Assert.fail(Assert.java:106)
at com.utilities.StepExecutor.ElementClick(StepExecutor.java:55)
at com.applicationfunction.ToolLayerListPage.CheckLayerVisibility(ToolLayerListPage.java:61)
at com.script.stepdefination.LayerListToolStepDefinition.SelectDeselectLayer(LayerListToolStepDefinition.java:43)
at âœ½.User should be able to select and deselect the layer from layerlist tool and as per the selection and deselction visibility of the layer become ON and OFF on map(file:///C:/Users/kulkars2/Documents/Java/JavaWorkSpace/EMAP_UI_Automation-GTM/Features/LayerListTool.feature:8)
]]>
    </failure>
  </testcase> <!-- runScenario -->
  <system-out/>
  <testcase classname="com.script.runner.LayerListToolRunner" name="SendEmail" time="0.000">
    <error message="Stream closed" type="java.io.IOException">
      <![CDATA[java.io.IOException: Stream closed
at java.base/java.io.BufferedWriter.ensureOpen(BufferedWriter.java:107)
at java.base/java.io.BufferedWriter.write(BufferedWriter.java:224)
at java.base/java.io.Writer.write(Writer.java:249)
at com.utilities.TestResults.CloseFile(TestResults.java:144)
at com.script.runner.LayerListToolRunner.SendEmail(LayerListToolRunner.java:32)
at java.base/jdk.internal.reflect.NativeMethodAccessorImpl.invoke0(Native Method)
at java.base/jdk.internal.reflect.NativeMethodAccessorImpl.invoke(NativeMethodAccessorImpl.java:77)
at java.base/jdk.internal.reflect.DelegatingMethodAccessorImpl.invoke(DelegatingMethodAccessorImpl.java:43)
at java.base/java.lang.reflect.Method.invoke(Method.java:568)
at org.testng.internal.MethodInvocationHelper.invokeMethod(MethodInvocationHelper.java:133)
at org.testng.internal.MethodInvocationHelper.invokeMethodConsideringTimeout(MethodInvocationHelper.java:62)
at org.testng.internal.ConfigInvoker.invokeConfigurationMethod(ConfigInvoker.java:385)
at org.testng.internal.ConfigInvoker.invokeConfigurations(ConfigInvoker.java:321)
at org.testng.SuiteRunner.privateRun(SuiteRunner.java:344)
at org.testng.SuiteRunner.run(SuiteRunner.java:276)
at org.testng.SuiteRunnerWorker.runSuite(SuiteRunnerWorker.java:53)
at org.testng.SuiteRunnerWorker.run(SuiteRunnerWorker.java:96)
at org.testng.TestNG.runSuitesSequentially(TestNG.java:1212)
at org.testng.TestNG.runSuitesLocally(TestNG.java:1134)
at org.testng.TestNG.runSuites(TestNG.java:1063)
at org.testng.TestNG.run(TestNG.java:1031)
at org.apache.maven.surefire.testng.TestNGExecutor.run(TestNGExecutor.java:132)
at org.apache.maven.surefire.testng.TestNGDirectoryTestSuite.executeMulti(TestNGDirectoryTestSuite.java:193)
at org.apache.maven.surefire.testng.TestNGDirectoryTestSuite.execute(TestNGDirectoryTestSuite.java:94)
at org.apache.maven.surefire.testng.TestNGProvider.invoke(TestNGProvider.java:147)
at org.apache.maven.surefire.booter.ForkedBooter.invokeProviderInSameClassLoader(ForkedBooter.java:290)
at org.apache.maven.surefire.booter.ForkedBooter.runSuitesInProcess(ForkedBooter.java:242)
at org.apache.maven.surefire.booter.ForkedBooter.main(ForkedBooter.java:121)
]]>
    </error>
  </testcase> <!-- SendEmail -->
  <system-out/>
</testsuite> <!-- com.script.runner.LayerListToolRunner -->
