<?xml version="1.0" encoding="UTF-8"?>
<!-- Generated by org.testng.reporters.JUnitReportReporter -->
<testsuite hostname="VAZSS2234" failures="0" tests="17" name="com.script.runner.MeasurementToolRunner" time="676.388" errors="0" timestamp="2024-08-05T17:59:47 GMT+05:30" skipped="0">
  <testcase classname="com.script.runner.MeasurementToolRunner" name="runScenario" time="24.441"/>
  <system-out/>
  <testcase classname="com.script.runner.MeasurementToolRunner" name="runScenario" time="26.456"/>
  <system-out/>
  <testcase classname="com.script.runner.MeasurementToolRunner" name="runScenario" time="25.514"/>
  <system-out/>
  <testcase classname="com.script.runner.MeasurementToolRunner" name="runScenario" time="25.965"/>
  <system-out/>
  <testcase classname="com.script.runner.MeasurementToolRunner" name="runScenario" time="32.276"/>
  <system-out/>
  <testcase classname="com.script.runner.MeasurementToolRunner" name="runScenario" time="53.127"/>
  <system-out/>
  <testcase classname="com.script.runner.MeasurementToolRunner" name="runScenario" time="26.891"/>
  <system-out/>
  <testcase classname="com.script.runner.MeasurementToolRunner" name="runScenario" time="46.199"/>
  <system-out/>
  <testcase classname="com.script.runner.MeasurementToolRunner" name="runScenario" time="62.157"/>
  <system-out/>
  <testcase classname="com.script.runner.MeasurementToolRunner" name="runScenario" time="45.129"/>
  <system-out/>
  <testcase classname="com.script.runner.MeasurementToolRunner" name="runScenario" time="35.063"/>
  <system-out/>
  <testcase classname="com.script.runner.MeasurementToolRunner" name="runScenario" time="66.358"/>
  <system-out/>
  <testcase classname="com.script.runner.MeasurementToolRunner" name="runScenario" time="27.476"/>
  <system-out/>
  <testcase classname="com.script.runner.MeasurementToolRunner" name="runScenario" time="27.406"/>
  <system-out/>
  <testcase classname="com.script.runner.MeasurementToolRunner" name="runScenario" time="36.565"/>
  <system-out/>
  <testcase classname="com.script.runner.MeasurementToolRunner" name="runScenario" time="35.105"/>
  <system-out/>
  <testcase classname="com.script.runner.MeasurementToolRunner" name="runScenario" time="80.260"/>
  <system-out/>
</testsuite> <!-- com.script.runner.MeasurementToolRunner -->
