<?xml version="1.0" encoding="UTF-8"?>
<!-- Generated by org.testng.reporters.JUnitReportReporter -->
<testsuite hostname="gtnahouapp139" failures="0" tests="17" name="com.script.measurementtool.MeasurementToolRunner" time="392.994" errors="0" timestamp="2024-08-13T05:04:00 CDT" skipped="0">
  <testcase classname="com.script.measurementtool.MeasurementToolRunner" name="runScenario" time="24.895"/>
  <system-out/>
  <testcase classname="com.script.measurementtool.MeasurementToolRunner" name="runScenario" time="25.559"/>
  <system-out/>
  <testcase classname="com.script.measurementtool.MeasurementToolRunner" name="runScenario" time="20.820"/>
  <system-out/>
  <testcase classname="com.script.measurementtool.MeasurementToolRunner" name="runScenario" time="21.598"/>
  <system-out/>
  <testcase classname="com.script.measurementtool.MeasurementToolRunner" name="runScenario" time="23.860"/>
  <system-out/>
  <testcase classname="com.script.measurementtool.MeasurementToolRunner" name="runScenario" time="21.519"/>
  <system-out/>
  <testcase classname="com.script.measurementtool.MeasurementToolRunner" name="runScenario" time="25.397"/>
  <system-out/>
  <testcase classname="com.script.measurementtool.MeasurementToolRunner" name="runScenario" time="25.197"/>
  <system-out/>
  <testcase classname="com.script.measurementtool.MeasurementToolRunner" name="runScenario" time="21.377"/>
  <system-out/>
  <testcase classname="com.script.measurementtool.MeasurementToolRunner" name="runScenario" time="23.707"/>
  <system-out/>
  <testcase classname="com.script.measurementtool.MeasurementToolRunner" name="runScenario" time="20.638"/>
  <system-out/>
  <testcase classname="com.script.measurementtool.MeasurementToolRunner" name="runScenario" time="22.978"/>
  <system-out/>
  <testcase classname="com.script.measurementtool.MeasurementToolRunner" name="runScenario" time="23.522"/>
  <system-out/>
  <testcase classname="com.script.measurementtool.MeasurementToolRunner" name="runScenario" time="25.579"/>
  <system-out/>
  <testcase classname="com.script.measurementtool.MeasurementToolRunner" name="runScenario" time="24.921"/>
  <system-out/>
  <testcase classname="com.script.measurementtool.MeasurementToolRunner" name="runScenario" time="20.360"/>
  <system-out/>
  <testcase classname="com.script.measurementtool.MeasurementToolRunner" name="runScenario" time="21.067"/>
  <system-out/>
</testsuite> <!-- com.script.measurementtool.MeasurementToolRunner -->
