<?xml version="1.0" encoding="UTF-8"?>
<!-- Generated by org.testng.reporters.JUnitReportReporter -->
<testsuite hostname="VAZSS2234" failures="0" tests="7" name="com.script.runner.ElevationProfileToolRunner" time="529.753" errors="0" timestamp="2024-08-05T17:59:47 GMT+05:30" skipped="0">
  <testcase classname="com.script.runner.ElevationProfileToolRunner" name="runScenario" time="76.531"/>
  <system-out/>
  <testcase classname="com.script.runner.ElevationProfileToolRunner" name="runScenario" time="82.665"/>
  <system-out/>
  <testcase classname="com.script.runner.ElevationProfileToolRunner" name="runScenario" time="68.696"/>
  <system-out/>
  <testcase classname="com.script.runner.ElevationProfileToolRunner" name="runScenario" time="60.585"/>
  <system-out/>
  <testcase classname="com.script.runner.ElevationProfileToolRunner" name="runScenario" time="76.453"/>
  <system-out/>
  <testcase classname="com.script.runner.ElevationProfileToolRunner" name="runScenario" time="86.636"/>
  <system-out/>
  <testcase classname="com.script.runner.ElevationProfileToolRunner" name="runScenario" time="78.187"/>
  <system-out/>
</testsuite> <!-- com.script.runner.ElevationProfileToolRunner -->
