<?xml version="1.0" encoding="UTF-8"?>
<!-- Generated by org.testng.reporters.JUnitReportReporter -->
<testsuite hostname="VAZSS2234" failures="0" tests="1" name="com.script.runner.ShowStationToolRunner" time="35.032" errors="0" timestamp="2024-08-05T17:59:47 GMT+05:30" skipped="0">
  <testcase classname="com.script.runner.ShowStationToolRunner" name="runScenario" time="35.032"/>
  <system-out/>
</testsuite> <!-- com.script.runner.ShowStationToolRunner -->
